2026-03-28 19:24:55 [INFO] cdd-sync-pro started
2026-03-28 19:24:55 [INFO] === Serato Date Fixer ===
2026-03-28 19:24:55 [INFO] [DRY RUN MODE — no files will be modified]
2026-03-28 19:24:55 [INFO] 
2026-03-28 19:24:55 [INFO] Serato path   : /Volumes/Current/_Serato_
2026-03-28 19:24:55 [INFO] Music library : /Volumes/Current/Crates
2026-03-28 19:24:55 [INFO] 
2026-03-28 19:24:55 [INFO] Parsing Serato database: /Volumes/Current/_Serato_/database V2
2026-03-28 19:24:55 [INFO] Volume root: /Volumes/Current
2026-03-28 19:24:55 [INFO] 
2026-03-28 19:24:55 [INFO] Found 32863 track records.
2026-03-28 19:24:55 [INFO] 
2026-03-28 19:24:55 [INFO] [DRY RUN] Would set kMDItemDateAdded=2015-07-31 11:27:40 on: /Volumes/Current/Crates/Popular/Pink - Please Dont Leave Me [Single] - clean.mp4
2026-03-28 19:24:55 [INFO] [DRY RUN] Would set kMDItemDateAdded=2015-07-31 11:27:40 on: /Volumes/Current/Crates/Popular/Taio Cruz - Telling The World (Clean) (Single).mp4
2026-03-28 19:24:55 [INFO] [DRY RUN] Would set kMDItemDateAdded=2016-12-09 00:39:37 on: /Volumes/Current/Crates/Spanish V2/Rock En Espanol/Fabulosos Cadillacs - El Matador.mp3
2026-03-28 19:24:55 [INFO] [DRY RUN] Would set kMDItemDateAdded=2016-10-29 19:20:35 on: /Volumes/Current/Crates/Spanish V2/Dance/Shakira - Addicted To You [Single] - Clean.mp4
2026-03-28 19:24:56 [INFO] [DRY RUN] Would set kMDItemDateAdded=2016-12-09 00:39:37 on: /Volumes/Current/Crates/Spanish V2/Unsorted/Pop/Cristian Castro - No Me Digas (Pop 160 bpm).mp4
2026-03-28 19:24:56 [INFO] [DRY RUN] Would set kMDItemDateAdded=2015-07-31 09:46:11 on: /Volumes/Current/Crates/Urban/Classics/Busta Rhymes - Touch It [Xtendz] - Dirty.mp4
2026-03-28 19:24:56 [INFO] [DRY RUN] Would set kMDItemDateAdded=2015-07-16 23:15:19 on: /Volumes/Current/Crates/Popular/Disclosure ft Gregory Porter - Holding On [Club] - HD - 1080p - Clean.mp4
2026-03-28 19:24:56 [INFO] [DRY RUN] Would set kMDItemDateAdded=2015-07-31 11:27:40 on: /Volumes/Current/Crates/Popular/Justin Timberlake - Like I Love You - Clean.mp4
2026-03-28 19:24:56 [INFO] [DRY RUN] Would set kMDItemDateAdded=2017-08-29 00:57:37 on: /Volumes/Current/Crates/Club/Moombahton/Minesweepa - Stitches (Dj Dexterous Hype Intro) Clean 110 5A.mp3
2026-03-28 19:24:57 [INFO] [DRY RUN] Would set kMDItemDateAdded=2016-12-09 00:39:37 on: /Volumes/Current/Crates/Spanish V2/Rock En Espanol/Paulino Rubio - No Soy Un Mujer.mp3
2026-03-28 19:24:57 [INFO] [DRY RUN] Would set kMDItemDateAdded=2016-12-09 00:39:37 on: /Volumes/Current/Crates/Spanish V2/Unsorted/Other/Eydie Gorme e Trio Los Panchos - Sabor a Mi.mp3
2026-03-28 19:24:57 [INFO] [DRY RUN] Would set kMDItemDateAdded=2017-06-03 14:23:33 on: /Volumes/Current/Crates/Urban/Rotational/Tee Grizzley - Catch It [Snipz] - HD - Dirty.mp4
2026-03-28 19:24:57 [INFO] [DRY RUN] Would set kMDItemDateAdded=2016-12-09 00:39:37 on: /Volumes/Current/Crates/Spanish V2/Unsorted/Merengue/La Banda Gorda - Tu Muere Aqui.mp4
2026-03-28 19:24:57 [INFO] [DRY RUN] Would set kMDItemDateAdded=2015-07-31 09:46:11 on: /Volumes/Current/Crates/Urban/Rotational/Rich Gang ft Young Thug & Rich Homie Quan - Lifestyle  (Clean) (Single) (HD).mp4
2026-03-28 19:24:57 [INFO] [DRY RUN] Would set kMDItemDateAdded=2018-09-17 00:55:11 on: /Volumes/Current/Crates/Urban/Rotational/Lil Duval ft Snoop Dogg x Ball Greezy - Smile Bitch (JD Live Good Life Short Intro - Dirty) - 99.mp4
2026-03-28 19:24:58 [INFO] [DRY RUN] Would set kMDItemDateAdded=2015-07-31 09:46:10 on: /Volumes/Current/Crates/Popular/Fergie - Clumsy (Clean) (Single).mp4
2026-03-28 19:24:58 [INFO] [DRY RUN] Would set kMDItemDateAdded=2016-12-09 00:39:36 on: /Volumes/Current/Crates/Spanish V2/Cumbias/Cumbia Kings - Sshh!! (Cumbia).MP4
2026-03-28 19:24:58 [INFO] [DRY RUN] Would set kMDItemDateAdded=2018-10-14 20:58:46 on: /Volumes/Current/Crates/Spanish V2/Reggaeton/Rvssian, Farruko Y J Balvin - Ponle (BPMLatino Acapella Break) (Clean Extended).mp4
2026-03-28 19:24:58 [INFO] [DRY RUN] Would set kMDItemDateAdded=2019-02-05 01:04:18 on: /Volumes/Current/Crates/Spanish V2/Reggaeton/Karol G Y Maluma - Creeme (LeXeDIT Acapella Starter) (Clean Extended).mp4
2026-03-28 19:24:58 [INFO] [DRY RUN] Would set kMDItemDateAdded=2020-05-02 16:16:48 on: /Volumes/Current/Crates/Spanish V2/Reggaeton/DJ Snake Feat J Balvin, Ozuna, Nicky Jam, Natti Natasha, Darrell & Sech - Loco Contigo (Remix) (Dirty).mp3
2026-03-28 19:24:59 [INFO] [DRY RUN] Would set kMDItemDateAdded=2016-12-09 00:39:37 on: /Volumes/Current/Crates/Spanish V2/Salsa/Grupo Niche - Si Supieras.mp3
2026-03-28 19:24:59 [INFO] [DRY RUN] Would set kMDItemDateAdded=2020-05-02 16:16:48 on: /Volumes/Current/Crates/Base/2020/Myke Towers - Girl (BPMLatino Hype Intro) (Dirty Extended).mp4
2026-03-28 19:24:59 [INFO] [DRY RUN] Would set kMDItemDateAdded=2021-10-16 20:35:50 on: /Volumes/Current/Crates/Base/2021/Nio Garcia, Ozuna Y Casper Magico ft Wisin Y Yandel, Myke Towers Y Flow La Movie - Travesuras (Remix) (Dirty).mp3
2026-03-28 19:24:59 [INFO] [DRY RUN] Would set kMDItemDateAdded=2021-02-22 17:43:56 on: /Volumes/Current/Crates/Urban/Rotational/Ocho Drippin' - Fuck It Up (XXX) (Dirty) (Extended) (HD).mp4
2026-03-28 19:24:59 [INFO] [DRY RUN] Would set kMDItemDateAdded=2022-01-23 11:57:45 on: /Volumes/Current/Crates/Base/2022/Christina Aguilera & Ozuna - Santo (Dirty).mp3
2026-03-28 19:25:00 [INFO] [DRY RUN] Would set kMDItemDateAdded=2015-07-31 09:46:12 on: /Volumes/Current/Crates/Urban/R&B/Melanie Fiona ft J Cole - This Time  (Clean) (Extended).mp4
2026-03-28 19:25:00 [INFO] [DRY RUN] Would set kMDItemDateAdded=2015-07-31 09:46:10 on: /Volumes/Current/Crates/Popular/Katy Perry ft Juicy J - Dark Horse [Single] - HD - Clean.mp4
2026-03-28 19:25:00 [INFO] [DRY RUN] Would set kMDItemDateAdded=2015-07-31 09:46:11 on: /Volumes/Current/Crates/Trance/Zombie Nation - Kernkraft 400 (Live Mix)  (Clean) (Extended).mp4
2026-03-28 19:25:00 [INFO] [DRY RUN] Would set kMDItemDateAdded=2016-06-11 13:59:33 on: /Volumes/Current/Crates/Rock/Alternative Dance/Empire Of The Sun - Walking On A Dream (Live vs Studio) [Snipz] - HD - 1080p - Clean.mp4
2026-03-28 19:25:00 [INFO] [DRY RUN] Would set kMDItemDateAdded=2015-07-31 09:46:11 on: /Volumes/Current/Crates/Urban/Classics/Jay Z n Kanye West - Niggas In Paris [Single] - Clean.mp4
2026-03-28 19:25:01 [INFO] [DRY RUN] Would set kMDItemDateAdded=2016-12-09 00:39:37 on: /Volumes/Current/Crates/Spanish V2/Romantico/PEDRO_FERNANDEZ7-5.mp4
2026-03-28 19:25:01 [INFO] [DRY RUN] Would set kMDItemDateAdded=2019-03-09 16:14:50 on: /Volumes/Current/Crates/Spanish V2/Banda/Los Tigres del Norte - La Mesa Del Rincon.mp3
2026-03-28 19:25:01 [INFO] [DRY RUN] Would set kMDItemDateAdded=2016-12-09 00:39:37 on: /Volumes/Current/Crates/Spanish V2/Unsorted/Reggaeton/Unknown - Altreviva Bandolera.mp3
2026-03-28 19:25:01 [INFO] [DRY RUN] Would set kMDItemDateAdded=2019-04-20 11:32:58 on: /Volumes/Current/Crates/Spanish V2/Reggaeton/Sean Paul & J Balvin - Contra La Pared (BPM Supreme Break Intro) (Clean Extended).mp3
2026-03-28 19:25:01 [INFO] [DRY RUN] Would set kMDItemDateAdded=2015-07-31 09:46:12 on: /Volumes/Current/Crates/Club/Twerk/Kanye West -Bound 2 (SCRVP X Mozes Twerk RMX) (MSTR).mp3
2026-03-28 19:25:01 [INFO] [DRY RUN] Would set kMDItemDateAdded=2015-07-31 09:46:11 on: /Volumes/Current/Crates/Urban/Classics/Kanye West - The New Workout Plan (No Testimonial) (Dirty) (Single).mp4
2026-03-28 19:25:02 [INFO] [DRY RUN] Would set kMDItemDateAdded=2020-05-02 16:16:48 on: /Volumes/Current/Crates/Tools/Clips/Victor Menegaux - Get Out (part 1) (Dirty).mp3
2026-03-28 19:25:02 [INFO] [DRY RUN] Would set kMDItemDateAdded=2016-12-09 00:39:37 on: /Volumes/Current/Crates/Spanish V2/Salsa/Son 14 - Rompamos El Contrato.mp3
2026-03-28 19:25:02 [INFO] [DRY RUN] Would set kMDItemDateAdded=2021-10-16 20:35:50 on: /Volumes/Current/Crates/Base/2021/V.I.C. - Wobble (Dirty) (Extended).mp4
2026-03-28 19:25:02 [INFO] [DRY RUN] Would set kMDItemDateAdded=2016-09-09 11:17:45 on: /Volumes/Current/Crates/Club/Peak/Rae Sremmurd - No Flex Zone (IMarkkeyz Remix (CK Intro - Clean 140).mp3
2026-03-28 19:25:02 [INFO] [DRY RUN] Would set kMDItemDateAdded=2015-07-31 09:46:12 on: /Volumes/Current/Crates/Urban/R&B/Robin Thicke - Love After War (Clean) (Single).mp4
2026-03-28 19:25:03 [INFO] [DRY RUN] Would set kMDItemDateAdded=2015-07-31 09:46:12 on: /Volumes/Current/Crates/Urban/R&B/Usher - There Goes My Baby [Xtendz] - Clean.mp4
2026-03-28 19:25:03 [INFO] [DRY RUN] Would set kMDItemDateAdded=2015-09-24 23:44:46 on: /Volumes/Current/Crates/Club/House/A-Trak ft Drake and Birdman - Loonies To Blow [Single] - Dirty.mp4
2026-03-28 19:25:03 [INFO] [DRY RUN] Would set kMDItemDateAdded=2015-07-31 09:46:09 on: /Volumes/Current/Crates/Club/Peak/DallasK x KSHMR - Burn (Club Killers Roof Is On Fire Edit CK Cut Dirty 128).mp3
2026-03-28 19:25:03 [INFO] [DRY RUN] Would set kMDItemDateAdded=2016-12-09 00:39:37 on: /Volumes/Current/Crates/Spanish V2/Unsorted/Merengue/Tito El Bambino El Patron - Carnaval [Xtendz] - HD - Clean.mp4
2026-03-28 19:25:03 [INFO] [DRY RUN] Would set kMDItemDateAdded=2019-01-11 00:15:49 on: /Volumes/Current/Crates/Spanish V2/Reggaeton/Alex Sensation n Ozuna - Que Va [Single] - HD - Clean.mp4
2026-03-28 19:25:04 [INFO] [DRY RUN] Would set kMDItemDateAdded=2017-05-03 01:09:37 on: /Volumes/Current/Crates/Club/Flips/TLC vs Ape Drums - No Scrubs (JD Live 2017 Mash Up) Dirty CK Cut - 105.mp3
2026-03-28 19:25:04 [INFO] [DRY RUN] Would set kMDItemDateAdded=2015-07-31 09:46:11 on: /Volumes/Current/Crates/Urban/Classics/Iconz - Get Crunked Up  (Clean) (Extended).mp4
2026-03-28 19:25:04 [INFO] [DRY RUN] Would set kMDItemDateAdded=2015-07-31 09:46:11 on: /Volumes/Current/Crates/Urban/Classics/Jay Z n Kanye West - Otis [Single] - Clean.mp4
2026-03-28 19:25:04 [INFO] [DRY RUN] Would set kMDItemDateAdded=2015-09-04 01:47:18 on: /Volumes/Current/Crates/Rock/Alternative Rock/Alice In Chains - Check My Brain  (Clean) (Single).mp4
2026-03-28 19:25:04 [INFO] [DRY RUN] Would set kMDItemDateAdded=2015-07-31 09:46:10 on: /Volumes/Current/Crates/Popular/Robin Thicke ft TI x Pharrell - Blurred Lines (Benny Black Party Starter - Clean - 120).mp4
2026-03-28 19:25:04 [INFO] [DRY RUN] Would set kMDItemDateAdded=2017-08-04 10:17:11 on: /Volumes/Current/Crates/Urban/Rotational/2 Milly ft Maino - Milly Rock Remix [Xtendz] - HD - Dirty.mp4
2026-03-28 19:25:05 [INFO] [DRY RUN] Would set kMDItemDateAdded=2015-10-07 00:56:56 on: /Volumes/Current/Crates/Popular/Chris Brown - Zero (CK Intro - Clean - 122).mp4
2026-03-28 19:25:05 [INFO] [DRY RUN] Would set kMDItemDateAdded=2015-07-31 09:46:08 on: /Volumes/Current/Crates/Tools/Loops/yo-dj-trademark.mp3
2026-03-28 19:25:05 [INFO] [DRY RUN] Would set kMDItemDateAdded=2016-12-09 00:39:37 on: /Volumes/Current/Crates/Spanish V2/Rock En Espanol/Sentidos Opuestos - Donde Estan.mp3
2026-03-28 19:25:05 [INFO] [DRY RUN] Would set kMDItemDateAdded=2016-12-09 00:39:36 on: /Volumes/Current/Crates/Spanish V2/Unsorted/Merengue/Elvis Crespo - Wow Flash (Merengue 115 bpm).MP4
2026-03-28 19:25:05 [INFO] [DRY RUN] Would set kMDItemDateAdded=2018-03-29 23:00:10 on: /Volumes/Current/Crates/Urban/Rotational/Patty Cake (Dirty).mp3
2026-03-28 19:25:06 [INFO] [DRY RUN] Would set kMDItemDateAdded=2021-07-23 20:18:46 on: /Volumes/Current/Crates/Hookups/Felli/Dooky Boody POWER MIX.mp3
2026-03-28 19:25:06 [INFO] [DRY RUN] Would set kMDItemDateAdded=2016-12-09 00:39:37 on: /Volumes/Current/Crates/Spanish V2/Salsa/Tito Nieves - Un Amor Asi (Salsa 95 bpm).MP4
2026-03-28 19:25:06 [INFO] [DRY RUN] Would set kMDItemDateAdded=2021-09-04 19:15:45 on: /Volumes/Current/Crates/Base/2021/Tyga - Mrs Bubblegum (XXX) (Dirty) (Extended) (HD).mp4
2026-03-28 19:25:06 [INFO] [DRY RUN] Would set kMDItemDateAdded=2022-04-21 20:29:54 on: /Volumes/Current/Crates/Base/2022/Daddy Yankee & Pitbull - Hot (Dirty) (Extended).mp4
2026-03-28 19:25:06 [INFO] [DRY RUN] Would set kMDItemDateAdded=2015-07-31 09:46:12 on: /Volumes/Current/Crates/Urban/R&B/Miguel ft J. Cole - All I Want Is You [Xtendz] - Dirty.mp4
2026-03-28 19:25:07 [INFO] [DRY RUN] Would set kMDItemDateAdded=2015-07-31 09:46:12 on: /Volumes/Current/Crates/Urban/R&B/Monica - For You I Will (Clean) (Single).mp4
2026-03-28 19:25:07 [INFO] [DRY RUN] Would set kMDItemDateAdded=2015-07-31 09:46:12 on: /Volumes/Current/Crates/Urban/R&B/Ray J - One Wish (Clean) (Single).mp4
2026-03-28 19:25:07 [INFO] [DRY RUN] Would set kMDItemDateAdded=2015-07-31 09:46:12 on: /Volumes/Current/Crates/Urban/R&B/The Dream - Rockin That Thang [Xtendz] - Dirty.mp4
2026-03-28 19:25:07 [INFO] [DRY RUN] Would set kMDItemDateAdded=2018-05-18 22:27:35 on: /Volumes/Current/Crates/Club/Peak/Gianluca Vacchi - Viento [Club] - HD - Clean.mp4
2026-03-28 19:25:07 [INFO] [DRY RUN] Would set kMDItemDateAdded=2019-03-17 21:21:07 on: /Volumes/Current/Crates/Spanish V2/Dembow/El Alfa El Jefe ft Chencho, Bryant Myers, Noriel, Jon Z Y Miky Woodz - Suave (Remix) (Dirty).mp3
2026-03-28 19:25:08 [INFO] [DRY RUN] Would set kMDItemDateAdded=2016-12-09 00:39:37 on: /Volumes/Current/Crates/Spanish V2/Unsorted/Merengue/La Muralla - Corazon Salvaje.mp4
2026-03-28 19:25:08 [INFO] [DRY RUN] Would set kMDItemDateAdded=2015-07-31 09:46:10 on: /Volumes/Current/Crates/Popular/Jay Sean ft Lil Wayne - Down - Clean.mp4
2026-03-28 19:25:08 [INFO] [DRY RUN] Would set kMDItemDateAdded=2016-12-09 00:39:36 on: /Volumes/Current/Crates/Spanish V2/Cumbias/Aniceto Molina - Cumbia Sampuesana (Cumbia).MP4
2026-03-28 19:25:08 [INFO] [DRY RUN] Would set kMDItemDateAdded=2015-07-31 09:46:09 on: /Volumes/Current/Crates/Personal/Duck Sauce - Goody Two Shoes.mp3
2026-03-28 19:25:08 [INFO] [DRY RUN] Would set kMDItemDateAdded=2015-07-31 09:46:11 on: /Volumes/Current/Crates/Urban/Rotational/Kendrick Lamar - Bitch, Don't Kill My Vibe  (Dirty) (Single) (HD).mp4
2026-03-28 19:25:09 [INFO] [DRY RUN] Would set kMDItemDateAdded=2017-01-26 05:03:32 on: /Volumes/Current/Crates/Club/Peak/Robin Thicke -  Give It 2 U (Kingz Melbourne Bounce Banger - Clean (CK Cut - 128).mp4
2026-03-28 19:25:09 [INFO] [DRY RUN] Would set kMDItemDateAdded=2015-09-24 23:44:45 on: /Volumes/Current/Crates/Club/Flips/ACDC vs TJR - Ode To Oi vs T.N.T. (Serafin Flip Edit 128).mp3
2026-03-28 19:25:09 [INFO] [DRY RUN] Would set kMDItemDateAdded=2015-07-31 09:46:11 on: /Volumes/Current/Crates/Urban/Classics/Jennifer Lopez ft Ja Rule - I'm Real (Remix) (Clean) (Extended).mp4
2026-03-28 19:25:09 [INFO] [DRY RUN] Would set kMDItemDateAdded=2017-01-26 05:03:32 on: /Volumes/Current/Crates/Popular/Usher ft Nicki Minaj - She Came To Give It To You [Xtendz] - HD - 1080p - Clean.mp4
2026-03-28 19:25:09 [INFO] [DRY RUN] Would set kMDItemDateAdded=2015-07-31 09:46:11 on: /Volumes/Current/Crates/Trance/Basshunter - Dota (Clean) (Extended).mp4
2026-03-28 19:25:10 [INFO] [DRY RUN] Would set kMDItemDateAdded=2016-12-09 00:39:36 on: /Volumes/Current/Crates/Spanish V2/Cumbias/La Sonora Dinamita - la cortina.mp3
2026-03-28 19:25:10 [INFO] [DRY RUN] Would set kMDItemDateAdded=2016-12-09 00:39:37 on: /Volumes/Current/Crates/Spanish V2/Unsorted/Reggaeton/Daddy Yankee - King Daddy.mp3
2026-03-28 19:25:10 [INFO] [DRY RUN] Would set kMDItemDateAdded=2016-12-09 00:39:37 on: /Volumes/Current/Crates/Spanish V2/Unsorted/Reggaeton/Dyland Y Lenny - Nadie Te Amara Como Yo 88bpm.mp4
2026-03-28 19:25:10 [INFO] [DRY RUN] Would set kMDItemDateAdded=2015-09-04 01:47:19 on: /Volumes/Current/Crates/Personal/Beastie Boys - Make Some Noise [Single] - Clean.mp4
2026-03-28 19:25:10 [INFO] [DRY RUN] Would set kMDItemDateAdded=2018-09-17 00:55:08 on: /Volumes/Current/Crates/Spanish V2/Flips/Volver Volver - DJ Santarosa & Eddie Boy La Candela Bootleg.mp3
2026-03-28 19:25:10 [INFO] [DRY RUN] Would set kMDItemDateAdded=2017-03-23 23:50:06 on: /Volumes/Current/Crates/Urban/Rotational/Yo Gotti - Down In The DM [Snipz] - HD - 1080p - Clean.mp4
2026-03-28 19:25:11 [INFO] [DRY RUN] Would set kMDItemDateAdded=2015-07-31 09:46:11 on: /Volumes/Current/Crates/Urban/Classics/Chamillionaire ft Krayzie Bone - Ridin [Single] - Clean.mp4
2026-03-28 19:25:11 [INFO] [DRY RUN] Would set kMDItemDateAdded=2015-07-31 09:46:11 on: /Volumes/Current/Crates/Urban/Classics/Mike Jones - Back Then [Xtendz] {TnS} - Dirty.mp4
2026-03-28 19:25:11 [INFO] [DRY RUN] Would set kMDItemDateAdded=2015-07-31 09:46:09 on: /Volumes/Current/Crates/Club/Peak/Hardwell & Joey Dale Ft. Luciana - Arcadia (BeatBreaker Clap Intro) (Quick Hitter).mp3
2026-03-28 19:25:11 [INFO] [DRY RUN] Would set kMDItemDateAdded=2016-12-09 00:39:36 on: /Volumes/Current/Crates/Spanish V2/Cumbias/Orquesta San Vicente De Tito Flores - Ven A Bailar.mp3
2026-03-28 19:25:11 [INFO] [DRY RUN] Would set kMDItemDateAdded=2016-12-09 00:39:37 on: /Volumes/Current/Crates/Spanish V2/Unsorted/Reggaeton/Hoy.mp3
2026-03-28 19:25:12 [INFO] [DRY RUN] Would set kMDItemDateAdded=2016-12-09 00:39:37 on: /Volumes/Current/Crates/Spanish V2/Salsa/Tito Puente - Mambo Beat.mp3
2026-03-28 19:25:12 [INFO] [DRY RUN] Would set kMDItemDateAdded=2020-05-02 16:16:48 on: /Volumes/Current/Crates/Base/2020/T.I. ft Swizz Beatz - Bring Em Out (BPM Supreme Jump Off Edit) (Clean).mp4
2026-03-28 19:25:12 [INFO] [DRY RUN] Would set kMDItemDateAdded=2021-11-20 18:21:35 on: /Volumes/Current/Crates/Base/2021/Young M.A - BIG (XXX) (Dirty) (Single) (HD).mp4
2026-03-28 19:25:12 [INFO] [DRY RUN] Would set kMDItemDateAdded=2022-08-29 23:10:42 on: /Volumes/Current/Crates/Base/2022/Alexis Y Fido ft Baby Ranks - El Tiburon (BPMLatino Redrum) (Clean Extended).mp3
2026-03-28 19:25:12 [INFO] [DRY RUN] Would set kMDItemDateAdded=2022-09-22 20:24:24 on: /Volumes/Current/Crates/Hookups/Volotyl/Kevin Gates ft Juicy J - Thinking with My Dick (Intro Dirty).mp3
2026-03-28 19:25:12 [INFO] [DRY RUN] Would set kMDItemDateAdded=2015-07-31 11:27:40 on: /Volumes/Current/Crates/Popular/Enrique Iglesias feat Ludacris - Tonight (I'm Loving You) (Clean) (Extended).mp4
2026-03-28 19:25:13 [INFO] [DRY RUN] Would set kMDItemDateAdded=2015-07-31 09:46:12 on: /Volumes/Current/Crates/Urban/Classics/T.I. - Bring Em Out [Xtendz] {TnS} - Clean.mp4
2026-03-28 19:25:13 [INFO] [DRY RUN] Would set kMDItemDateAdded=2017-10-06 21:27:25 on: /Volumes/Current/Crates/Spanish V2/Dembow/Chimbala - Yo Tengo Un Flow (LMPool Short Edit Dirty Leo Intro).mp3
2026-03-28 19:25:13 [INFO] [DRY RUN] Would set kMDItemDateAdded=2017-11-25 12:36:03 on: /Volumes/Current/Crates/Urban/Classics/DJ Quik ft Suga Free x Mausberg x AMG - Down Down Down (CK Intro - Dirty) 8A 107.mp3
2026-03-28 19:25:13 [INFO] [DRY RUN] Would set kMDItemDateAdded=2016-12-09 00:39:37 on: /Volumes/Current/Crates/Spanish V2/Unsorted/Reggaeton/DJ GIANN - PA LOS ENVIDIOSO.mp3
2026-03-28 19:25:13 [INFO] [DRY RUN] Would set kMDItemDateAdded=2016-01-30 16:31:11 on: /Volumes/Current/Crates/Rock/Unsorted/Phoenix - 1901  (Clean) (Single).mp4
2026-03-28 19:25:14 [INFO] [DRY RUN] Would set kMDItemDateAdded=2019-03-09 16:14:50 on: /Volumes/Current/Crates/Spanish V2/Banda/Banda El Recodo - Un Dia Con Otro.mp3
2026-03-28 19:25:14 [INFO] [DRY RUN] Would set kMDItemDateAdded=2018-01-26 00:48:49 on: /Volumes/Current/Crates/Spanish V2/Reggaeton/Wisin, Yandel n Daddy Yankee - Todo Comienza En La Disco [Xtendz] - HD - Clean.mp4
2026-03-28 19:25:14 [INFO] [DRY RUN] Would set kMDItemDateAdded=2015-07-31 11:27:40 on: /Volumes/Current/Crates/Popular/Kat DeLuna ft Fo Onassis - Dancing Tonight [Xtendz] - Clean.mp4
2026-03-28 19:25:14 [INFO] [DRY RUN] Would set kMDItemDateAdded=2015-07-31 09:46:08 on: /Volumes/Current/Crates/Tools/Loops/Chainsmokers - Thats So Ratchet (Deville Acap Loop - Clean - 128).mp4
2026-03-28 19:25:14 [INFO] [DRY RUN] Would set kMDItemDateAdded=2016-12-09 00:39:37 on: /Volumes/Current/Crates/Spanish V2/Party Favorites/Kaoma - Dancando Lambada (Clean) (Single).mp4
2026-03-28 19:25:15 [INFO] [DRY RUN] Would set kMDItemDateAdded=2016-12-09 00:39:37 on: /Volumes/Current/Crates/Spanish V2/Unsorted/Merengue/Mr. Backbone ft Fulanito - La Fiesta [Xtendz] - Clean.mp4
2026-03-28 19:25:15 [INFO] [DRY RUN] Would set kMDItemDateAdded=2015-07-31 11:27:40 on: /Volumes/Current/Crates/Popular/Adele - Rolling In The Deep (Joe Maz Remix) [Single] - Clean.mp4
2026-03-28 19:25:15 [INFO] [DRY RUN] Would set kMDItemDateAdded=2020-05-02 16:16:49 on: /Volumes/Current/Crates/Urban/Rotational/Dre Marley - Hol Up (Intro Dirty).mp3
2026-03-28 19:25:15 [INFO] [DRY RUN] Would set kMDItemDateAdded=2015-07-31 09:46:12 on: /Volumes/Current/Crates/Urban/R&B/R Kelly - Snake  (Dirty) (Single).mp4
2026-03-28 19:25:15 [INFO] [DRY RUN] Would set kMDItemDateAdded=2016-12-09 00:39:36 on: /Volumes/Current/Crates/Spanish V2/Unsorted/Merengue/Amarfis Y La Banda De Atakke - Si Tu Te Vas De Mi 155bpm.mp4
2026-03-28 19:25:15 [INFO] [DRY RUN] Would set kMDItemDateAdded=2015-07-31 09:46:11 on: /Volumes/Current/Crates/Urban/Rotational/Big Sean ft Drake n Kanye West - Blessings [Xtendz] - HD - 1080p - Dirty.mp4
2026-03-28 19:25:16 [INFO] [DRY RUN] Would set kMDItemDateAdded=2016-12-09 00:39:37 on: /Volumes/Current/Crates/Spanish V2/Unsorted/Other/Shakira whenever - wherever .mp3
2026-03-28 19:25:16 [INFO] [DRY RUN] Would set kMDItemDateAdded=2016-12-09 00:39:37 on: /Volumes/Current/Crates/Spanish V2/Unsorted/Reggaeton/Oye Mi Canto    .mp3
2026-03-28 19:25:16 [INFO] [DRY RUN] Would set kMDItemDateAdded=2015-07-31 09:46:11 on: /Volumes/Current/Crates/Urban/Classics/French Montana ft Charlie Rock - Shot Caller  (Clean) (Single).mp4
2026-03-28 19:25:16 [INFO] [DRY RUN] Would set kMDItemDateAdded=2015-07-31 09:46:09 on: /Volumes/Current/Crates/Club/Peak/Martin Garrix - Animals (Bass Down Low Starter) (BeatBreaker EDIT).mp3
2026-03-28 19:25:16 [INFO] [DRY RUN] Would set kMDItemDateAdded=2016-12-09 00:39:36 on: /Volumes/Current/Crates/Spanish V2/Unsorted/Merengue/14 Quiero A Mi Novia Y Adoro A Mi Mujer.mp3
2026-03-28 19:25:17 [INFO] [DRY RUN] Would set kMDItemDateAdded=2015-07-31 09:46:10 on: /Volumes/Current/Crates/Popular/Justin Timberlake - SexyBack (Clean) (Extended).mp4
2026-03-28 19:25:17 [INFO] [DRY RUN] Would set kMDItemDateAdded=2018-09-17 00:55:11 on: /Volumes/Current/Crates/Urban/Rotational/Lil Yachty ft Cardi B & Offset - Who Want The Smoke (CK Single Verse Edit) Dirty Cardi Only 5A 70.mp3
2026-03-28 19:25:17 [INFO] [DRY RUN] Would set kMDItemDateAdded=2016-01-30 16:31:12 on: /Volumes/Current/Crates/Urban/Rotational/Drake - Right Hand (Intro - Dirty) 7A 100.mp3
2026-03-28 19:25:17 [INFO] [DRY RUN] Would set kMDItemDateAdded=2016-12-09 00:39:37 on: /Volumes/Current/Crates/Spanish V2/Unsorted/Reggaeton/David Bisbal - Mami.mp3
2026-03-28 19:25:17 [INFO] [DRY RUN] Would set kMDItemDateAdded=2015-07-31 09:46:12 on: /Volumes/Current/Crates/Urban/Bay Area/Yo Gotti ft Jeezy & YG - Act Right  (Dirty) (Extended) (HD).mp4
2026-03-28 19:25:18 [INFO] [DRY RUN] Would set kMDItemDateAdded=2016-03-19 11:32:06 on: /Volumes/Current/Crates/Urban/Rotational/Jidenna ft Roman GianArthur - Classic Man  (Clean) (Single) (HD).mp4
2026-03-28 19:25:18 [INFO] [DRY RUN] Would set kMDItemDateAdded=2016-07-01 19:07:11 on: /Volumes/Current/Crates/Urban/Classics/Gyptian - Hold You (Clean) (Single).mp4
2026-03-28 19:25:18 [INFO] [DRY RUN] Would set kMDItemDateAdded=2016-12-09 00:39:37 on: /Volumes/Current/Crates/Spanish V2/Unsorted/Reggaeton/Chinovi - DJ.mp3
2026-03-28 19:25:18 [INFO] [DRY RUN] Would set kMDItemDateAdded=2020-05-02 16:16:49 on: /Volumes/Current/Crates/Urban/Rotational/Metro Boomin ft 21 Savage - 10 Freaky Girls (Uncensored) (Dirty).mp4
2026-03-28 19:25:18 [INFO] [DRY RUN] Would set kMDItemDateAdded=2021-07-10 16:05:19 on: /Volumes/Current/Crates/Spanish V2/Reggaeton/J Balvin - Reggaeton (BPM Supreme Jump Off Edit) (Clean).mp3
2026-03-28 19:25:19 [INFO] [DRY RUN] Would set kMDItemDateAdded=2019-03-09 16:14:51 on: /Volumes/Current/Crates/Spanish V2/Salsa/Poncho Sanchez - Cold Duck Time.mp3
2026-03-28 19:25:19 [INFO] [DRY RUN] Would set kMDItemDateAdded=2016-12-09 00:39:37 on: /Volumes/Current/Crates/Spanish V2/Salsa/Willie Rosario - Ataca.mp3
2026-03-28 19:25:19 [INFO] [DRY RUN] Would set kMDItemDateAdded=2016-12-09 00:39:37 on: /Volumes/Current/Crates/Spanish V2/Salsa/Jerry Rivera - Vuela Muy Alto.mp4
2026-03-28 19:25:19 [INFO] [DRY RUN] Would set kMDItemDateAdded=2020-05-02 16:16:48 on: /Volumes/Current/Crates/Base/2020/Myke Towers, Farruko Y Arcangel ft Sech Y Zion - Si Se Da (Remix) (Chorus In) (Dirty Extended).mp4
2026-03-28 19:25:19 [INFO] [DRY RUN] Would set kMDItemDateAdded=2021-08-06 18:37:50 on: /Volumes/Current/Crates/Base/2021/Bad Bunny - Yonaguni (Lkhn ReDrum) (Dirty Extended).mp3
2026-03-28 19:25:19 [INFO] [DRY RUN] Would set kMDItemDateAdded=2021-08-06 18:37:50 on: /Volumes/Current/Crates/Base/2021/Avicii - Wake Me Up  (Clean) (Extended) (HD).mp4
2026-03-28 19:25:20 [INFO] [DRY RUN] Would set kMDItemDateAdded=2016-09-09 11:17:45 on: /Volumes/Current/Crates/Club/Peak/Iggy Azalea vs Firebeatz - Fancy Bazooka (DJ Tuck Bootleg - Clean (CK Cut - 128).mp4
2026-03-28 19:25:20 [INFO] [DRY RUN] Would set kMDItemDateAdded=2016-10-29 19:20:31 on: /Volumes/Current/Crates/Club/Peak/RHCP vs David Guetta - Otherside (Alex Dreamz Mash - Clean (CK Cut - 128).mp4
2026-03-28 19:25:20 [INFO] [DRY RUN] Would set kMDItemDateAdded=2022-05-19 22:04:06 on: /Volumes/Current/Crates/Vault/Abba - Dancing Queen (Clean) (Extended).mp4
2026-03-28 19:25:20 [INFO] [DRY RUN] Would set kMDItemDateAdded=2017-10-06 21:27:25 on: /Volumes/Current/Crates/Popular/Anthem Kingz - One Dance (Kingz vs Drake Essential Primetime Redrum (Clean).mp3
